<?xml version="1.0" encoding="UTF-8"?>
<!-- Generated by org.testng.reporters.JUnitXMLReporter -->
<testsuite ignored="1" hostname="M5-L-F1W462H" failures="0" tests="1" name="Default test" time="0.093" errors="0" timestamp="2022-05-07T15:58:27 IST">
  <testcase classname="com.maven.AppiumTest" name="IOSApp" time="0.017"/>
  <testcase classname="com.maven.AppiumTest" name="nativeAppAndroid" time="0.0">
    <ignored/>
  </testcase> <!-- nativeAppAndroid -->
</testsuite> <!-- Default test -->
