<?xml version="1.0" encoding="UTF-8"?>
<!-- Generated by org.testng.reporters.JUnitXMLReporter -->
<testsuite hostname="M5-L-F1W462H" ignored="0" name="Test" tests="6" failures="0" timestamp="2022-05-07T19:02:22 IST" time="0.279" errors="0">
  <testcase name="IOSApp" time="0.025" classname="com.maven.AppiumTest"/>
  <testcase name="nativeAppAndroid" time="0.001" classname="com.maven.AppiumTest"/>
  <testcase name="deleteTwitter" time="0.001" classname="com.maven.RestAPITest"/>
  <testcase name="postJira" time="0.001" classname="com.maven.RestAPITest"/>
  <testcase name="BrowserAutomation" time="0.001" classname="com.maven.SeleniumTest"/>
  <testcase name="elementsUI" time="0.001" classname="com.maven.SeleniumTest"/>
</testsuite> <!-- Test -->
