<?xml version="1.0" encoding="UTF-8"?>
<testng-results ignored="1" total="2" passed="1" failed="0" skipped="0">
  <reporter-output>
  </reporter-output>
  <suite started-at="2022-05-07T15:58:27 IST" name="Default suite" finished-at="2022-05-07T15:58:27 IST" duration-ms="93">
    <groups>
    </groups>
    <test started-at="2022-05-07T15:58:27 IST" name="Default test" finished-at="2022-05-07T15:58:27 IST" duration-ms="93">
      <class name="com.maven.AppiumTest">
        <test-method signature="IOSApp()[pri:0, instance:com.maven.AppiumTest@5119fb47]" started-at="2022-05-07T15:58:27 IST" name="IOSApp" finished-at="2022-05-07T15:58:27 IST" duration-ms="17" status="PASS">
          <reporter-output>
          </reporter-output>
        </test-method> <!-- IOSApp -->
      </class> <!-- com.maven.AppiumTest -->
    </test> <!-- Default test -->
  </suite> <!-- Default suite -->
</testng-results>
